{
  "stats": {
    "suites": 1,
    "tests": 1,
    "passes": 0,
    "pending": 0,
    "failures": 1,
    "start": "2026-04-08T19:51:00.110Z",
    "end": "2026-04-08T19:51:00.914Z",
    "duration": 804,
    "testsRegistered": 1,
    "passPercent": 0,
    "pendingPercent": 0,
    "other": 0,
    "hasOther": false,
    "skipped": 0,
    "hasSkipped": false
  },
  "results": [
    {
      "uuid": "6c939bb9-9896-4c7f-b4e6-f58e2a083ef4",
      "title": "",
      "fullFile": "cypress\\e2e\\spec.cy.js",
      "file": "cypress\\e2e\\spec.cy.js",
      "beforeHooks": [],
      "afterHooks": [],
      "tests": [],
      "suites": [
        {
          "uuid": "1d382561-d2fa-412d-92e6-7b75b2f532fa",
          "title": "template spec",
          "fullFile": "",
          "file": "",
          "beforeHooks": [],
          "afterHooks": [],
          "tests": [
            {
              "title": "passes",
              "fullTitle": "template spec passes",
              "timedOut": null,
              "duration": 755,
              "state": "failed",
              "speed": null,
              "pass": false,
              "fail": true,
              "pending": false,
              "context": null,
              "code": "cy.visit('http://localhost:3000/');\ncy.contains('Cadastro', {\n  timeout: 10000\n});\ncy.get('input[aria-label=\"Nome\"]').type('Patrick');\ncy.get('input[aria-label=\"Email\"]').type('email@teste.com');\ncy.contains('Cadastrar').click({\n  force: true\n});\ncy.contains('Patrick V').should('be.visible').and('contain.text', 'email@teste.com');",
              "err": {
                "message": "CypressError: `cy.visit()` failed trying to load:\n\nhttp://localhost:3000/\n\nWe attempted to make an http request to this URL but the request failed without a response.\n\nWe received this error at the network level:\n\n  > Error: connect ECONNREFUSED 127.0.0.1:3000\n\nCommon situations why this would fail:\n  - you don't have internet access\n  - you forgot to run / boot your web server\n  - your web server isn't accessible\n  - you have weird network configuration settings on your computer",
                "estack": "CypressError: `cy.visit()` failed trying to load:\n\nhttp://localhost:3000/\n\nWe attempted to make an http request to this URL but the request failed without a response.\n\nWe received this error at the network level:\n\n  > Error: connect ECONNREFUSED 127.0.0.1:3000\n\nCommon situations why this would fail:\n  - you don't have internet access\n  - you forgot to run / boot your web server\n  - your web server isn't accessible\n  - you have weird network configuration settings on your computer\n    at <unknown> (http://localhost:52337/__cypress/runner/cypress_runner.js:131607:74)\n    at visitFailedByErr (http://localhost:52337/__cypress/runner/cypress_runner.js:131006:12)\n    at <unknown> (http://localhost:52337/__cypress/runner/cypress_runner.js:131606:11)\n    at tryCatcher (http://localhost:52337/__cypress/runner/cypress_runner.js:1830:23)\n    at Promise._settlePromiseFromHandler (http://localhost:52337/__cypress/runner/cypress_runner.js:1542:31)\n    at Promise._settlePromise (http://localhost:52337/__cypress/runner/cypress_runner.js:1599:18)\n    at Promise._settlePromise0 (http://localhost:52337/__cypress/runner/cypress_runner.js:1644:10)\n    at Promise._settlePromises (http://localhost:52337/__cypress/runner/cypress_runner.js:1720:18)\n    at _drainQueueStep (http://localhost:52337/__cypress/runner/cypress_runner.js:2430:12)\n    at _drainQueue (http://localhost:52337/__cypress/runner/cypress_runner.js:2423:9)\n    at Async._drainQueues (http://localhost:52337/__cypress/runner/cypress_runner.js:2439:5)\n    at Async.drainQueues (http://localhost:52337/__cypress/runner/cypress_runner.js:2309:14)\nFrom Your Spec Code:\n    at Context.eval (webpack://flutter_web_form/./cypress/e2e/spec.cy.js:3:7)\n\nFrom Node.js Internals:\n  Error: connect ECONNREFUSED 127.0.0.1:3000\n      at TCPConnectWrap.afterConnect [as oncomplete] (node:net:1495:16)",
                "diff": null
              },
              "uuid": "76d94e0c-0185-4ad7-8768-dcebd918ebac",
              "parentUUID": "1d382561-d2fa-412d-92e6-7b75b2f532fa",
              "isHook": false,
              "skipped": false
            }
          ],
          "suites": [],
          "passes": [],
          "failures": [
            "76d94e0c-0185-4ad7-8768-dcebd918ebac"
          ],
          "pending": [],
          "skipped": [],
          "duration": 755,
          "root": false,
          "rootEmpty": false,
          "_timeout": 2000
        }
      ],
      "passes": [],
      "failures": [],
      "pending": [],
      "skipped": [],
      "duration": 0,
      "root": true,
      "rootEmpty": true,
      "_timeout": 2000
    }
  ],
  "meta": {
    "mocha": {
      "version": "7.0.1"
    },
    "mochawesome": {
      "options": {
        "quiet": false,
        "reportFilename": "mochawesome",
        "saveHtml": false,
        "saveJson": true,
        "consoleReporter": "spec",
        "useInlineDiffs": false,
        "code": true
      },
      "version": "7.1.4"
    },
    "marge": {
      "options": {
        "reportDir": "cypress/reports",
        "overwrite": false,
        "html": false,
        "json": true
      },
      "version": "6.3.2"
    }
  }
}